<?xml version="1.0" encoding="UTF-8"?>
<testsuite xmlns:xsi="http://www.w3.org/2001/XMLSchema-instance" xsi:noNamespaceSchemaLocation="https://maven.apache.org/surefire/maven-surefire-plugin/xsd/surefire-test-report-3.0.xsd" version="3.0" name="dio.cloud.CloudApplicationTests" time="10.968" tests="1" errors="0" skipped="0" failures="0">
  <properties>
    <property name="java.specification.version" value="22"/>
    <property name="sun.cpu.isalist" value="amd64"/>
    <property name="sun.jnu.encoding" value="Cp1252"/>
    <property name="java.class.path" value="C:\Users\apodr\OneDrive\Documentos\Estudos\Dio\Java-Claro\springboot\springboot-cloud\target\test-classes;C:\Users\apodr\OneDrive\Documentos\Estudos\Dio\Java-Claro\springboot\springboot-cloud\target\classes;C:\Users\apodr\.m2\repository\org\springframework\boot\spring-boot-starter-data-jpa\3.2.11\spring-boot-starter-data-jpa-3.2.11.jar;C:\Users\apodr\.m2\repository\org\springframework\boot\spring-boot-starter-aop\3.2.11\spring-boot-starter-aop-3.2.11.jar;C:\Users\apodr\.m2\repository\org\springframework\spring-aop\6.1.14\spring-aop-6.1.14.jar;C:\Users\apodr\.m2\repository\org\aspectj\aspectjweaver\1.9.22.1\aspectjweaver-1.9.22.1.jar;C:\Users\apodr\.m2\repository\org\springframework\boot\spring-boot-starter-jdbc\3.2.11\spring-boot-starter-jdbc-3.2.11.jar;C:\Users\apodr\.m2\repository\com\zaxxer\HikariCP\5.0.1\HikariCP-5.0.1.jar;C:\Users\apodr\.m2\repository\org\springframework\spring-jdbc\6.1.14\spring-jdbc-6.1.14.jar;C:\Users\apodr\.m2\repository\org\hibernate\orm\hibernate-core\6.4.10.Final\hibernate-core-6.4.10.Final.jar;C:\Users\apodr\.m2\repository\jakarta\persistence\jakarta.persistence-api\3.1.0\jakarta.persistence-api-3.1.0.jar;C:\Users\apodr\.m2\repository\jakarta\transaction\jakarta.transaction-api\2.0.1\jakarta.transaction-api-2.0.1.jar;C:\Users\apodr\.m2\repository\org\jboss\logging\jboss-logging\3.5.3.Final\jboss-logging-3.5.3.Final.jar;C:\Users\apodr\.m2\repository\org\hibernate\common\hibernate-commons-annotations\6.0.6.Final\hibernate-commons-annotations-6.0.6.Final.jar;C:\Users\apodr\.m2\repository\io\smallrye\jandex\3.1.2\jandex-3.1.2.jar;C:\Users\apodr\.m2\repository\com\fasterxml\classmate\1.6.0\classmate-1.6.0.jar;C:\Users\apodr\.m2\repository\net\bytebuddy\byte-buddy\1.14.19\byte-buddy-1.14.19.jar;C:\Users\apodr\.m2\repository\org\glassfish\jaxb\jaxb-runtime\4.0.5\jaxb-runtime-4.0.5.jar;C:\Users\apodr\.m2\repository\org\glassfish\jaxb\jaxb-core\4.0.5\jaxb-core-4.0.5.jar;C:\Users\apodr\.m2\repository\org\eclipse\angus\angus-activation\2.0.2\angus-activation-2.0.2.jar;C:\Users\apodr\.m2\repository\org\glassfish\jaxb\txw2\4.0.5\txw2-4.0.5.jar;C:\Users\apodr\.m2\repository\com\sun\istack\istack-commons-runtime\4.1.2\istack-commons-runtime-4.1.2.jar;C:\Users\apodr\.m2\repository\jakarta\inject\jakarta.inject-api\2.0.1\jakarta.inject-api-2.0.1.jar;C:\Users\apodr\.m2\repository\org\antlr\antlr4-runtime\4.13.0\antlr4-runtime-4.13.0.jar;C:\Users\apodr\.m2\repository\org\springframework\data\spring-data-jpa\3.2.11\spring-data-jpa-3.2.11.jar;C:\Users\apodr\.m2\repository\org\springframework\data\spring-data-commons\3.2.11\spring-data-commons-3.2.11.jar;C:\Users\apodr\.m2\repository\org\springframework\spring-orm\6.1.14\spring-orm-6.1.14.jar;C:\Users\apodr\.m2\repository\org\springframework\spring-context\6.1.14\spring-context-6.1.14.jar;C:\Users\apodr\.m2\repository\org\springframework\spring-tx\6.1.14\spring-tx-6.1.14.jar;C:\Users\apodr\.m2\repository\org\springframework\spring-beans\6.1.14\spring-beans-6.1.14.jar;C:\Users\apodr\.m2\repository\jakarta\annotation\jakarta.annotation-api\2.1.1\jakarta.annotation-api-2.1.1.jar;C:\Users\apodr\.m2\repository\org\slf4j\slf4j-api\2.0.16\slf4j-api-2.0.16.jar;C:\Users\apodr\.m2\repository\org\springframework\spring-aspects\6.1.14\spring-aspects-6.1.14.jar;C:\Users\apodr\.m2\repository\org\springframework\boot\spring-boot-starter-web\3.2.11\spring-boot-starter-web-3.2.11.jar;C:\Users\apodr\.m2\repository\org\springframework\boot\spring-boot-starter\3.2.11\spring-boot-starter-3.2.11.jar;C:\Users\apodr\.m2\repository\org\springframework\boot\spring-boot\3.2.11\spring-boot-3.2.11.jar;C:\Users\apodr\.m2\repository\org\springframework\boot\spring-boot-autoconfigure\3.2.11\spring-boot-autoconfigure-3.2.11.jar;C:\Users\apodr\.m2\repository\org\springframework\boot\spring-boot-starter-logging\3.2.11\spring-boot-starter-logging-3.2.11.jar;C:\Users\apodr\.m2\repository\ch\qos\logback\logback-classic\1.4.14\logback-classic-1.4.14.jar;C:\Users\apodr\.m2\repository\ch\qos\logback\logback-core\1.4.14\logback-core-1.4.14.jar;C:\Users\apodr\.m2\repository\org\apache\logging\log4j\log4j-to-slf4j\2.21.1\log4j-to-slf4j-2.21.1.jar;C:\Users\apodr\.m2\repository\org\apache\logging\log4j\log4j-api\2.21.1\log4j-api-2.21.1.jar;C:\Users\apodr\.m2\repository\org\slf4j\jul-to-slf4j\2.0.16\jul-to-slf4j-2.0.16.jar;C:\Users\apodr\.m2\repository\org\yaml\snakeyaml\2.2\snakeyaml-2.2.jar;C:\Users\apodr\.m2\repository\org\springframework\boot\spring-boot-starter-json\3.2.11\spring-boot-starter-json-3.2.11.jar;C:\Users\apodr\.m2\repository\com\fasterxml\jackson\core\jackson-databind\2.15.4\jackson-databind-2.15.4.jar;C:\Users\apodr\.m2\repository\com\fasterxml\jackson\core\jackson-core\2.15.4\jackson-core-2.15.4.jar;C:\Users\apodr\.m2\repository\com\fasterxml\jackson\datatype\jackson-datatype-jdk8\2.15.4\jackson-datatype-jdk8-2.15.4.jar;C:\Users\apodr\.m2\repository\com\fasterxml\jackson\datatype\jackson-datatype-jsr310\2.15.4\jackson-datatype-jsr310-2.15.4.jar;C:\Users\apodr\.m2\repository\com\fasterxml\jackson\module\jackson-module-parameter-names\2.15.4\jackson-module-parameter-names-2.15.4.jar;C:\Users\apodr\.m2\repository\org\springframework\boot\spring-boot-starter-tomcat\3.2.11\spring-boot-starter-tomcat-3.2.11.jar;C:\Users\apodr\.m2\repository\org\apache\tomcat\embed\tomcat-embed-core\10.1.31\tomcat-embed-core-10.1.31.jar;C:\Users\apodr\.m2\repository\org\apache\tomcat\embed\tomcat-embed-el\10.1.31\tomcat-embed-el-10.1.31.jar;C:\Users\apodr\.m2\repository\org\apache\tomcat\embed\tomcat-embed-websocket\10.1.31\tomcat-embed-websocket-10.1.31.jar;C:\Users\apodr\.m2\repository\org\springframework\spring-web\6.1.14\spring-web-6.1.14.jar;C:\Users\apodr\.m2\repository\io\micrometer\micrometer-observation\1.12.11\micrometer-observation-1.12.11.jar;C:\Users\apodr\.m2\repository\io\micrometer\micrometer-commons\1.12.11\micrometer-commons-1.12.11.jar;C:\Users\apodr\.m2\repository\org\springframework\spring-webmvc\6.1.14\spring-webmvc-6.1.14.jar;C:\Users\apodr\.m2\repository\org\springframework\spring-expression\6.1.14\spring-expression-6.1.14.jar;C:\Users\apodr\.m2\repository\com\h2database\h2\2.2.224\h2-2.2.224.jar;C:\Users\apodr\.m2\repository\org\postgresql\postgresql\42.6.2\postgresql-42.6.2.jar;C:\Users\apodr\.m2\repository\org\checkerframework\checker-qual\3.31.0\checker-qual-3.31.0.jar;C:\Users\apodr\.m2\repository\org\springframework\boot\spring-boot-starter-test\3.2.11\spring-boot-starter-test-3.2.11.jar;C:\Users\apodr\.m2\repository\org\springframework\boot\spring-boot-test\3.2.11\spring-boot-test-3.2.11.jar;C:\Users\apodr\.m2\repository\org\springframework\boot\spring-boot-test-autoconfigure\3.2.11\spring-boot-test-autoconfigure-3.2.11.jar;C:\Users\apodr\.m2\repository\com\jayway\jsonpath\json-path\2.9.0\json-path-2.9.0.jar;C:\Users\apodr\.m2\repository\jakarta\xml\bind\jakarta.xml.bind-api\4.0.2\jakarta.xml.bind-api-4.0.2.jar;C:\Users\apodr\.m2\repository\jakarta\activation\jakarta.activation-api\2.1.3\jakarta.activation-api-2.1.3.jar;C:\Users\apodr\.m2\repository\net\minidev\json-smart\2.5.1\json-smart-2.5.1.jar;C:\Users\apodr\.m2\repository\net\minidev\accessors-smart\2.5.1\accessors-smart-2.5.1.jar;C:\Users\apodr\.m2\repository\org\ow2\asm\asm\9.6\asm-9.6.jar;C:\Users\apodr\.m2\repository\org\assertj\assertj-core\3.24.2\assertj-core-3.24.2.jar;C:\Users\apodr\.m2\repository\org\awaitility\awaitility\4.2.2\awaitility-4.2.2.jar;C:\Users\apodr\.m2\repository\org\hamcrest\hamcrest\2.2\hamcrest-2.2.jar;C:\Users\apodr\.m2\repository\org\junit\jupiter\junit-jupiter\5.10.5\junit-jupiter-5.10.5.jar;C:\Users\apodr\.m2\repository\org\junit\jupiter\junit-jupiter-api\5.10.5\junit-jupiter-api-5.10.5.jar;C:\Users\apodr\.m2\repository\org\opentest4j\opentest4j\1.3.0\opentest4j-1.3.0.jar;C:\Users\apodr\.m2\repository\org\junit\platform\junit-platform-commons\1.10.5\junit-platform-commons-1.10.5.jar;C:\Users\apodr\.m2\repository\org\apiguardian\apiguardian-api\1.1.2\apiguardian-api-1.1.2.jar;C:\Users\apodr\.m2\repository\org\junit\jupiter\junit-jupiter-params\5.10.5\junit-jupiter-params-5.10.5.jar;C:\Users\apodr\.m2\repository\org\junit\jupiter\junit-jupiter-engine\5.10.5\junit-jupiter-engine-5.10.5.jar;C:\Users\apodr\.m2\repository\org\junit\platform\junit-platform-engine\1.10.5\junit-platform-engine-1.10.5.jar;C:\Users\apodr\.m2\repository\org\mockito\mockito-core\5.7.0\mockito-core-5.7.0.jar;C:\Users\apodr\.m2\repository\net\bytebuddy\byte-buddy-agent\1.14.19\byte-buddy-agent-1.14.19.jar;C:\Users\apodr\.m2\repository\org\objenesis\objenesis\3.3\objenesis-3.3.jar;C:\Users\apodr\.m2\repository\org\mockito\mockito-junit-jupiter\5.7.0\mockito-junit-jupiter-5.7.0.jar;C:\Users\apodr\.m2\repository\org\skyscreamer\jsonassert\1.5.3\jsonassert-1.5.3.jar;C:\Users\apodr\.m2\repository\com\vaadin\external\google\android-json\0.0.20131108.vaadin1\android-json-0.0.20131108.vaadin1.jar;C:\Users\apodr\.m2\repository\org\springframework\spring-core\6.1.14\spring-core-6.1.14.jar;C:\Users\apodr\.m2\repository\org\springframework\spring-jcl\6.1.14\spring-jcl-6.1.14.jar;C:\Users\apodr\.m2\repository\org\springframework\spring-test\6.1.14\spring-test-6.1.14.jar;C:\Users\apodr\.m2\repository\org\xmlunit\xmlunit-core\2.9.1\xmlunit-core-2.9.1.jar;C:\Users\apodr\.m2\repository\org\openapitools\openapi-generator-maven-plugin\7.9.0\openapi-generator-maven-plugin-7.9.0.jar;C:\Users\apodr\.m2\repository\org\sonatype\plexus\plexus-build-api\0.0.7\plexus-build-api-0.0.7.jar;C:\Users\apodr\.m2\repository\org\codehaus\plexus\plexus-utils\1.5.8\plexus-utils-1.5.8.jar;C:\Users\apodr\.m2\repository\org\apache\maven\plugin-tools\maven-plugin-annotations\3.9.0\maven-plugin-annotations-3.9.0.jar;C:\Users\apodr\.m2\repository\org\openapitools\openapi-generator\7.9.0\openapi-generator-7.9.0.jar;C:\Users\apodr\.m2\repository\io\swagger\parser\v3\swagger-parser\2.1.22\swagger-parser-2.1.22.jar;C:\Users\apodr\.m2\repository\io\swagger\parser\v3\swagger-parser-v2-converter\2.1.22\swagger-parser-v2-converter-2.1.22.jar;C:\Users\apodr\.m2\repository\io\swagger\swagger-core\1.6.14\swagger-core-1.6.14.jar;C:\Users\apodr\.m2\repository\io\swagger\swagger-models\1.6.14\swagger-models-1.6.14.jar;C:\Users\apodr\.m2\repository\io\swagger\swagger-annotations\1.6.14\swagger-annotations-1.6.14.jar;C:\Users\apodr\.m2\repository\io\swagger\swagger-parser\1.0.70\swagger-parser-1.0.70.jar;C:\Users\apodr\.m2\repository\io\swagger\swagger-parser-safe-url-resolver\1.0.70\swagger-parser-safe-url-resolver-1.0.70.jar;C:\Users\apodr\.m2\repository\io\swagger\swagger-compat-spec-parser\1.0.70\swagger-compat-spec-parser-1.0.70.jar;C:\Users\apodr\.m2\repository\com\github\java-json-tools\json-schema-validator\2.2.14\json-schema-validator-2.2.14.jar;C:\Users\apodr\.m2\repository\com\github\java-json-tools\jackson-coreutils-equivalence\1.0\jackson-coreutils-equivalence-1.0.jar;C:\Users\apodr\.m2\repository\com\github\java-json-tools\json-schema-core\1.2.14\json-schema-core-1.2.14.jar;C:\Users\apodr\.m2\repository\com\github\java-json-tools\uri-template\0.10\uri-template-0.10.jar;C:\Users\apodr\.m2\repository\org\mozilla\rhino\1.7.7.2\rhino-1.7.7.2.jar;C:\Users\apodr\.m2\repository\com\googlecode\libphonenumber\libphonenumber\8.11.1\libphonenumber-8.11.1.jar;C:\Users\apodr\.m2\repository\net\sf\jopt-simple\jopt-simple\5.0.4\jopt-simple-5.0.4.jar;C:\Users\apodr\.m2\repository\com\github\java-json-tools\json-patch\1.13\json-patch-1.13.jar;C:\Users\apodr\.m2\repository\com\github\java-json-tools\msg-simple\1.2\msg-simple-1.2.jar;C:\Users\apodr\.m2\repository\com\github\java-json-tools\btf\1.3\btf-1.3.jar;C:\Users\apodr\.m2\repository\com\github\java-json-tools\jackson-coreutils\2.0\jackson-coreutils-2.0.jar;C:\Users\apodr\.m2\repository\org\apache\httpcomponents\httpclient\4.5.14\httpclient-4.5.14.jar;C:\Users\apodr\.m2\repository\org\apache\httpcomponents\httpcore\4.4.16\httpcore-4.4.16.jar;C:\Users\apodr\.m2\repository\commons-logging\commons-logging\1.2\commons-logging-1.2.jar;C:\Users\apodr\.m2\repository\commons-codec\commons-codec\1.16.1\commons-codec-1.16.1.jar;C:\Users\apodr\.m2\repository\io\swagger\core\v3\swagger-models\2.2.21\swagger-models-2.2.21.jar;C:\Users\apodr\.m2\repository\io\swagger\parser\v3\swagger-parser-core\2.1.22\swagger-parser-core-2.1.22.jar;C:\Users\apodr\.m2\repository\io\swagger\parser\v3\swagger-parser-v3\2.1.22\swagger-parser-v3-2.1.22.jar;C:\Users\apodr\.m2\repository\io\swagger\core\v3\swagger-core\2.2.21\swagger-core-2.2.21.jar;C:\Users\apodr\.m2\repository\io\swagger\core\v3\swagger-annotations\2.2.21\swagger-annotations-2.2.21.jar;C:\Users\apodr\.m2\repository\jakarta\validation\jakarta.validation-api\3.0.2\jakarta.validation-api-3.0.2.jar;C:\Users\apodr\.m2\repository\io\swagger\parser\v3\swagger-parser-safe-url-resolver\2.1.22\swagger-parser-safe-url-resolver-2.1.22.jar;C:\Users\apodr\.m2\repository\com\fasterxml\jackson\dataformat\jackson-dataformat-yaml\2.15.4\jackson-dataformat-yaml-2.15.4.jar;C:\Users\apodr\.m2\repository\com\samskivert\jmustache\1.15\jmustache-1.15.jar;C:\Users\apodr\.m2\repository\com\github\jknack\handlebars\4.3.1\handlebars-4.3.1.jar;C:\Users\apodr\.m2\repository\com\github\jknack\handlebars-jackson2\4.3.1\handlebars-jackson2-4.3.1.jar;C:\Users\apodr\.m2\repository\commons-io\commons-io\2.16.1\commons-io-2.16.1.jar;C:\Users\apodr\.m2\repository\org\slf4j\slf4j-ext\2.0.16\slf4j-ext-2.0.16.jar;C:\Users\apodr\.m2\repository\org\slf4j\slf4j-simple\2.0.16\slf4j-simple-2.0.16.jar;C:\Users\apodr\.m2\repository\org\apache\commons\commons-lang3\3.13.0\commons-lang3-3.13.0.jar;C:\Users\apodr\.m2\repository\org\apache\commons\commons-text\1.10.0\commons-text-1.10.0.jar;C:\Users\apodr\.m2\repository\org\apache\maven\resolver\maven-resolver-util\1.9.18\maven-resolver-util-1.9.18.jar;C:\Users\apodr\.m2\repository\org\apache\maven\resolver\maven-resolver-api\1.9.18\maven-resolver-api-1.9.18.jar;C:\Users\apodr\.m2\repository\commons-cli\commons-cli\1.5.0\commons-cli-1.5.0.jar;C:\Users\apodr\.m2\repository\com\google\guava\guava\32.1.3-jre\guava-32.1.3-jre.jar;C:\Users\apodr\.m2\repository\com\google\guava\failureaccess\1.0.1\failureaccess-1.0.1.jar;C:\Users\apodr\.m2\repository\com\google\guava\listenablefuture\9999.0-empty-to-avoid-conflict-with-guava\listenablefuture-9999.0-empty-to-avoid-conflict-with-guava.jar;C:\Users\apodr\.m2\repository\com\google\code\findbugs\jsr305\3.0.2\jsr305-3.0.2.jar;C:\Users\apodr\.m2\repository\com\google\errorprone\error_prone_annotations\2.21.1\error_prone_annotations-2.21.1.jar;C:\Users\apodr\.m2\repository\com\google\j2objc\j2objc-annotations\2.8\j2objc-annotations-2.8.jar;C:\Users\apodr\.m2\repository\com\fasterxml\jackson\datatype\jackson-datatype-guava\2.15.4\jackson-datatype-guava-2.15.4.jar;C:\Users\apodr\.m2\repository\org\commonmark\commonmark\0.21.0\commonmark-0.21.0.jar;C:\Users\apodr\.m2\repository\com\github\mifmif\generex\1.0.2\generex-1.0.2.jar;C:\Users\apodr\.m2\repository\dk\brics\automaton\automaton\1.11-8\automaton-1.11-8.jar;C:\Users\apodr\.m2\repository\com\github\curious-odd-man\rgxgen\1.4\rgxgen-1.4.jar;C:\Users\apodr\.m2\repository\com\fasterxml\jackson\datatype\jackson-datatype-joda\2.15.4\jackson-datatype-joda-2.15.4.jar;C:\Users\apodr\.m2\repository\joda-time\joda-time\2.10.14\joda-time-2.10.14.jar;C:\Users\apodr\.m2\repository\com\fasterxml\jackson\core\jackson-annotations\2.15.4\jackson-annotations-2.15.4.jar;C:\Users\apodr\.m2\repository\com\github\joschi\jackson\jackson-datatype-threetenbp\2.15.2\jackson-datatype-threetenbp-2.15.2.jar;C:\Users\apodr\.m2\repository\org\threeten\threetenbp\1.6.8\threetenbp-1.6.8.jar;C:\Users\apodr\.m2\repository\org\openapitools\openapi-generator-core\7.9.0\openapi-generator-core-7.9.0.jar;C:\Users\apodr\.m2\repository\net\java\dev\jna\jna\5.12.1\jna-5.12.1.jar;C:\Users\apodr\.m2\repository\com\github\ben-manes\caffeine\caffeine\3.1.8\caffeine-3.1.8.jar;C:\Users\apodr\.m2\repository\org\projectlombok\lombok\1.18.34\lombok-1.18.34.jar;"/>
    <property name="java.vm.vendor" value="Oracle Corporation"/>
    <property name="sun.arch.data.model" value="64"/>
    <property name="user.variant" value=""/>
    <property name="java.vendor.url" value="https://java.oracle.com/"/>
    <property name="user.timezone" value="America/Sao_Paulo"/>
    <property name="org.jboss.logging.provider" value="slf4j"/>
    <property name="os.name" value="Windows 11"/>
    <property name="java.vm.specification.version" value="22"/>
    <property name="sun.java.launcher" value="SUN_STANDARD"/>
    <property name="user.country" value="BR"/>
    <property name="sun.boot.library.path" value="C:\Program Files\Java\jdk-22\bin"/>
    <property name="sun.java.command" value="C:\Users\apodr\AppData\Local\Temp\surefire1267702510004317581\surefirebooter-20241115230545082_3.jar C:\Users\apodr\AppData\Local\Temp\surefire1267702510004317581 2024-11-15T23-05-43_501-jvmRun1 surefire-20241115230545082_1tmp surefire_0-20241115230545082_2tmp"/>
    <property name="jdk.debug" value="release"/>
    <property name="surefire.test.class.path" value="C:\Users\apodr\OneDrive\Documentos\Estudos\Dio\Java-Claro\springboot\springboot-cloud\target\test-classes;C:\Users\apodr\OneDrive\Documentos\Estudos\Dio\Java-Claro\springboot\springboot-cloud\target\classes;C:\Users\apodr\.m2\repository\org\springframework\boot\spring-boot-starter-data-jpa\3.2.11\spring-boot-starter-data-jpa-3.2.11.jar;C:\Users\apodr\.m2\repository\org\springframework\boot\spring-boot-starter-aop\3.2.11\spring-boot-starter-aop-3.2.11.jar;C:\Users\apodr\.m2\repository\org\springframework\spring-aop\6.1.14\spring-aop-6.1.14.jar;C:\Users\apodr\.m2\repository\org\aspectj\aspectjweaver\1.9.22.1\aspectjweaver-1.9.22.1.jar;C:\Users\apodr\.m2\repository\org\springframework\boot\spring-boot-starter-jdbc\3.2.11\spring-boot-starter-jdbc-3.2.11.jar;C:\Users\apodr\.m2\repository\com\zaxxer\HikariCP\5.0.1\HikariCP-5.0.1.jar;C:\Users\apodr\.m2\repository\org\springframework\spring-jdbc\6.1.14\spring-jdbc-6.1.14.jar;C:\Users\apodr\.m2\repository\org\hibernate\orm\hibernate-core\6.4.10.Final\hibernate-core-6.4.10.Final.jar;C:\Users\apodr\.m2\repository\jakarta\persistence\jakarta.persistence-api\3.1.0\jakarta.persistence-api-3.1.0.jar;C:\Users\apodr\.m2\repository\jakarta\transaction\jakarta.transaction-api\2.0.1\jakarta.transaction-api-2.0.1.jar;C:\Users\apodr\.m2\repository\org\jboss\logging\jboss-logging\3.5.3.Final\jboss-logging-3.5.3.Final.jar;C:\Users\apodr\.m2\repository\org\hibernate\common\hibernate-commons-annotations\6.0.6.Final\hibernate-commons-annotations-6.0.6.Final.jar;C:\Users\apodr\.m2\repository\io\smallrye\jandex\3.1.2\jandex-3.1.2.jar;C:\Users\apodr\.m2\repository\com\fasterxml\classmate\1.6.0\classmate-1.6.0.jar;C:\Users\apodr\.m2\repository\net\bytebuddy\byte-buddy\1.14.19\byte-buddy-1.14.19.jar;C:\Users\apodr\.m2\repository\org\glassfish\jaxb\jaxb-runtime\4.0.5\jaxb-runtime-4.0.5.jar;C:\Users\apodr\.m2\repository\org\glassfish\jaxb\jaxb-core\4.0.5\jaxb-core-4.0.5.jar;C:\Users\apodr\.m2\repository\org\eclipse\angus\angus-activation\2.0.2\angus-activation-2.0.2.jar;C:\Users\apodr\.m2\repository\org\glassfish\jaxb\txw2\4.0.5\txw2-4.0.5.jar;C:\Users\apodr\.m2\repository\com\sun\istack\istack-commons-runtime\4.1.2\istack-commons-runtime-4.1.2.jar;C:\Users\apodr\.m2\repository\jakarta\inject\jakarta.inject-api\2.0.1\jakarta.inject-api-2.0.1.jar;C:\Users\apodr\.m2\repository\org\antlr\antlr4-runtime\4.13.0\antlr4-runtime-4.13.0.jar;C:\Users\apodr\.m2\repository\org\springframework\data\spring-data-jpa\3.2.11\spring-data-jpa-3.2.11.jar;C:\Users\apodr\.m2\repository\org\springframework\data\spring-data-commons\3.2.11\spring-data-commons-3.2.11.jar;C:\Users\apodr\.m2\repository\org\springframework\spring-orm\6.1.14\spring-orm-6.1.14.jar;C:\Users\apodr\.m2\repository\org\springframework\spring-context\6.1.14\spring-context-6.1.14.jar;C:\Users\apodr\.m2\repository\org\springframework\spring-tx\6.1.14\spring-tx-6.1.14.jar;C:\Users\apodr\.m2\repository\org\springframework\spring-beans\6.1.14\spring-beans-6.1.14.jar;C:\Users\apodr\.m2\repository\jakarta\annotation\jakarta.annotation-api\2.1.1\jakarta.annotation-api-2.1.1.jar;C:\Users\apodr\.m2\repository\org\slf4j\slf4j-api\2.0.16\slf4j-api-2.0.16.jar;C:\Users\apodr\.m2\repository\org\springframework\spring-aspects\6.1.14\spring-aspects-6.1.14.jar;C:\Users\apodr\.m2\repository\org\springframework\boot\spring-boot-starter-web\3.2.11\spring-boot-starter-web-3.2.11.jar;C:\Users\apodr\.m2\repository\org\springframework\boot\spring-boot-starter\3.2.11\spring-boot-starter-3.2.11.jar;C:\Users\apodr\.m2\repository\org\springframework\boot\spring-boot\3.2.11\spring-boot-3.2.11.jar;C:\Users\apodr\.m2\repository\org\springframework\boot\spring-boot-autoconfigure\3.2.11\spring-boot-autoconfigure-3.2.11.jar;C:\Users\apodr\.m2\repository\org\springframework\boot\spring-boot-starter-logging\3.2.11\spring-boot-starter-logging-3.2.11.jar;C:\Users\apodr\.m2\repository\ch\qos\logback\logback-classic\1.4.14\logback-classic-1.4.14.jar;C:\Users\apodr\.m2\repository\ch\qos\logback\logback-core\1.4.14\logback-core-1.4.14.jar;C:\Users\apodr\.m2\repository\org\apache\logging\log4j\log4j-to-slf4j\2.21.1\log4j-to-slf4j-2.21.1.jar;C:\Users\apodr\.m2\repository\org\apache\logging\log4j\log4j-api\2.21.1\log4j-api-2.21.1.jar;C:\Users\apodr\.m2\repository\org\slf4j\jul-to-slf4j\2.0.16\jul-to-slf4j-2.0.16.jar;C:\Users\apodr\.m2\repository\org\yaml\snakeyaml\2.2\snakeyaml-2.2.jar;C:\Users\apodr\.m2\repository\org\springframework\boot\spring-boot-starter-json\3.2.11\spring-boot-starter-json-3.2.11.jar;C:\Users\apodr\.m2\repository\com\fasterxml\jackson\core\jackson-databind\2.15.4\jackson-databind-2.15.4.jar;C:\Users\apodr\.m2\repository\com\fasterxml\jackson\core\jackson-core\2.15.4\jackson-core-2.15.4.jar;C:\Users\apodr\.m2\repository\com\fasterxml\jackson\datatype\jackson-datatype-jdk8\2.15.4\jackson-datatype-jdk8-2.15.4.jar;C:\Users\apodr\.m2\repository\com\fasterxml\jackson\datatype\jackson-datatype-jsr310\2.15.4\jackson-datatype-jsr310-2.15.4.jar;C:\Users\apodr\.m2\repository\com\fasterxml\jackson\module\jackson-module-parameter-names\2.15.4\jackson-module-parameter-names-2.15.4.jar;C:\Users\apodr\.m2\repository\org\springframework\boot\spring-boot-starter-tomcat\3.2.11\spring-boot-starter-tomcat-3.2.11.jar;C:\Users\apodr\.m2\repository\org\apache\tomcat\embed\tomcat-embed-core\10.1.31\tomcat-embed-core-10.1.31.jar;C:\Users\apodr\.m2\repository\org\apache\tomcat\embed\tomcat-embed-el\10.1.31\tomcat-embed-el-10.1.31.jar;C:\Users\apodr\.m2\repository\org\apache\tomcat\embed\tomcat-embed-websocket\10.1.31\tomcat-embed-websocket-10.1.31.jar;C:\Users\apodr\.m2\repository\org\springframework\spring-web\6.1.14\spring-web-6.1.14.jar;C:\Users\apodr\.m2\repository\io\micrometer\micrometer-observation\1.12.11\micrometer-observation-1.12.11.jar;C:\Users\apodr\.m2\repository\io\micrometer\micrometer-commons\1.12.11\micrometer-commons-1.12.11.jar;C:\Users\apodr\.m2\repository\org\springframework\spring-webmvc\6.1.14\spring-webmvc-6.1.14.jar;C:\Users\apodr\.m2\repository\org\springframework\spring-expression\6.1.14\spring-expression-6.1.14.jar;C:\Users\apodr\.m2\repository\com\h2database\h2\2.2.224\h2-2.2.224.jar;C:\Users\apodr\.m2\repository\org\postgresql\postgresql\42.6.2\postgresql-42.6.2.jar;C:\Users\apodr\.m2\repository\org\checkerframework\checker-qual\3.31.0\checker-qual-3.31.0.jar;C:\Users\apodr\.m2\repository\org\springframework\boot\spring-boot-starter-test\3.2.11\spring-boot-starter-test-3.2.11.jar;C:\Users\apodr\.m2\repository\org\springframework\boot\spring-boot-test\3.2.11\spring-boot-test-3.2.11.jar;C:\Users\apodr\.m2\repository\org\springframework\boot\spring-boot-test-autoconfigure\3.2.11\spring-boot-test-autoconfigure-3.2.11.jar;C:\Users\apodr\.m2\repository\com\jayway\jsonpath\json-path\2.9.0\json-path-2.9.0.jar;C:\Users\apodr\.m2\repository\jakarta\xml\bind\jakarta.xml.bind-api\4.0.2\jakarta.xml.bind-api-4.0.2.jar;C:\Users\apodr\.m2\repository\jakarta\activation\jakarta.activation-api\2.1.3\jakarta.activation-api-2.1.3.jar;C:\Users\apodr\.m2\repository\net\minidev\json-smart\2.5.1\json-smart-2.5.1.jar;C:\Users\apodr\.m2\repository\net\minidev\accessors-smart\2.5.1\accessors-smart-2.5.1.jar;C:\Users\apodr\.m2\repository\org\ow2\asm\asm\9.6\asm-9.6.jar;C:\Users\apodr\.m2\repository\org\assertj\assertj-core\3.24.2\assertj-core-3.24.2.jar;C:\Users\apodr\.m2\repository\org\awaitility\awaitility\4.2.2\awaitility-4.2.2.jar;C:\Users\apodr\.m2\repository\org\hamcrest\hamcrest\2.2\hamcrest-2.2.jar;C:\Users\apodr\.m2\repository\org\junit\jupiter\junit-jupiter\5.10.5\junit-jupiter-5.10.5.jar;C:\Users\apodr\.m2\repository\org\junit\jupiter\junit-jupiter-api\5.10.5\junit-jupiter-api-5.10.5.jar;C:\Users\apodr\.m2\repository\org\opentest4j\opentest4j\1.3.0\opentest4j-1.3.0.jar;C:\Users\apodr\.m2\repository\org\junit\platform\junit-platform-commons\1.10.5\junit-platform-commons-1.10.5.jar;C:\Users\apodr\.m2\repository\org\apiguardian\apiguardian-api\1.1.2\apiguardian-api-1.1.2.jar;C:\Users\apodr\.m2\repository\org\junit\jupiter\junit-jupiter-params\5.10.5\junit-jupiter-params-5.10.5.jar;C:\Users\apodr\.m2\repository\org\junit\jupiter\junit-jupiter-engine\5.10.5\junit-jupiter-engine-5.10.5.jar;C:\Users\apodr\.m2\repository\org\junit\platform\junit-platform-engine\1.10.5\junit-platform-engine-1.10.5.jar;C:\Users\apodr\.m2\repository\org\mockito\mockito-core\5.7.0\mockito-core-5.7.0.jar;C:\Users\apodr\.m2\repository\net\bytebuddy\byte-buddy-agent\1.14.19\byte-buddy-agent-1.14.19.jar;C:\Users\apodr\.m2\repository\org\objenesis\objenesis\3.3\objenesis-3.3.jar;C:\Users\apodr\.m2\repository\org\mockito\mockito-junit-jupiter\5.7.0\mockito-junit-jupiter-5.7.0.jar;C:\Users\apodr\.m2\repository\org\skyscreamer\jsonassert\1.5.3\jsonassert-1.5.3.jar;C:\Users\apodr\.m2\repository\com\vaadin\external\google\android-json\0.0.20131108.vaadin1\android-json-0.0.20131108.vaadin1.jar;C:\Users\apodr\.m2\repository\org\springframework\spring-core\6.1.14\spring-core-6.1.14.jar;C:\Users\apodr\.m2\repository\org\springframework\spring-jcl\6.1.14\spring-jcl-6.1.14.jar;C:\Users\apodr\.m2\repository\org\springframework\spring-test\6.1.14\spring-test-6.1.14.jar;C:\Users\apodr\.m2\repository\org\xmlunit\xmlunit-core\2.9.1\xmlunit-core-2.9.1.jar;C:\Users\apodr\.m2\repository\org\openapitools\openapi-generator-maven-plugin\7.9.0\openapi-generator-maven-plugin-7.9.0.jar;C:\Users\apodr\.m2\repository\org\sonatype\plexus\plexus-build-api\0.0.7\plexus-build-api-0.0.7.jar;C:\Users\apodr\.m2\repository\org\codehaus\plexus\plexus-utils\1.5.8\plexus-utils-1.5.8.jar;C:\Users\apodr\.m2\repository\org\apache\maven\plugin-tools\maven-plugin-annotations\3.9.0\maven-plugin-annotations-3.9.0.jar;C:\Users\apodr\.m2\repository\org\openapitools\openapi-generator\7.9.0\openapi-generator-7.9.0.jar;C:\Users\apodr\.m2\repository\io\swagger\parser\v3\swagger-parser\2.1.22\swagger-parser-2.1.22.jar;C:\Users\apodr\.m2\repository\io\swagger\parser\v3\swagger-parser-v2-converter\2.1.22\swagger-parser-v2-converter-2.1.22.jar;C:\Users\apodr\.m2\repository\io\swagger\swagger-core\1.6.14\swagger-core-1.6.14.jar;C:\Users\apodr\.m2\repository\io\swagger\swagger-models\1.6.14\swagger-models-1.6.14.jar;C:\Users\apodr\.m2\repository\io\swagger\swagger-annotations\1.6.14\swagger-annotations-1.6.14.jar;C:\Users\apodr\.m2\repository\io\swagger\swagger-parser\1.0.70\swagger-parser-1.0.70.jar;C:\Users\apodr\.m2\repository\io\swagger\swagger-parser-safe-url-resolver\1.0.70\swagger-parser-safe-url-resolver-1.0.70.jar;C:\Users\apodr\.m2\repository\io\swagger\swagger-compat-spec-parser\1.0.70\swagger-compat-spec-parser-1.0.70.jar;C:\Users\apodr\.m2\repository\com\github\java-json-tools\json-schema-validator\2.2.14\json-schema-validator-2.2.14.jar;C:\Users\apodr\.m2\repository\com\github\java-json-tools\jackson-coreutils-equivalence\1.0\jackson-coreutils-equivalence-1.0.jar;C:\Users\apodr\.m2\repository\com\github\java-json-tools\json-schema-core\1.2.14\json-schema-core-1.2.14.jar;C:\Users\apodr\.m2\repository\com\github\java-json-tools\uri-template\0.10\uri-template-0.10.jar;C:\Users\apodr\.m2\repository\org\mozilla\rhino\1.7.7.2\rhino-1.7.7.2.jar;C:\Users\apodr\.m2\repository\com\googlecode\libphonenumber\libphonenumber\8.11.1\libphonenumber-8.11.1.jar;C:\Users\apodr\.m2\repository\net\sf\jopt-simple\jopt-simple\5.0.4\jopt-simple-5.0.4.jar;C:\Users\apodr\.m2\repository\com\github\java-json-tools\json-patch\1.13\json-patch-1.13.jar;C:\Users\apodr\.m2\repository\com\github\java-json-tools\msg-simple\1.2\msg-simple-1.2.jar;C:\Users\apodr\.m2\repository\com\github\java-json-tools\btf\1.3\btf-1.3.jar;C:\Users\apodr\.m2\repository\com\github\java-json-tools\jackson-coreutils\2.0\jackson-coreutils-2.0.jar;C:\Users\apodr\.m2\repository\org\apache\httpcomponents\httpclient\4.5.14\httpclient-4.5.14.jar;C:\Users\apodr\.m2\repository\org\apache\httpcomponents\httpcore\4.4.16\httpcore-4.4.16.jar;C:\Users\apodr\.m2\repository\commons-logging\commons-logging\1.2\commons-logging-1.2.jar;C:\Users\apodr\.m2\repository\commons-codec\commons-codec\1.16.1\commons-codec-1.16.1.jar;C:\Users\apodr\.m2\repository\io\swagger\core\v3\swagger-models\2.2.21\swagger-models-2.2.21.jar;C:\Users\apodr\.m2\repository\io\swagger\parser\v3\swagger-parser-core\2.1.22\swagger-parser-core-2.1.22.jar;C:\Users\apodr\.m2\repository\io\swagger\parser\v3\swagger-parser-v3\2.1.22\swagger-parser-v3-2.1.22.jar;C:\Users\apodr\.m2\repository\io\swagger\core\v3\swagger-core\2.2.21\swagger-core-2.2.21.jar;C:\Users\apodr\.m2\repository\io\swagger\core\v3\swagger-annotations\2.2.21\swagger-annotations-2.2.21.jar;C:\Users\apodr\.m2\repository\jakarta\validation\jakarta.validation-api\3.0.2\jakarta.validation-api-3.0.2.jar;C:\Users\apodr\.m2\repository\io\swagger\parser\v3\swagger-parser-safe-url-resolver\2.1.22\swagger-parser-safe-url-resolver-2.1.22.jar;C:\Users\apodr\.m2\repository\com\fasterxml\jackson\dataformat\jackson-dataformat-yaml\2.15.4\jackson-dataformat-yaml-2.15.4.jar;C:\Users\apodr\.m2\repository\com\samskivert\jmustache\1.15\jmustache-1.15.jar;C:\Users\apodr\.m2\repository\com\github\jknack\handlebars\4.3.1\handlebars-4.3.1.jar;C:\Users\apodr\.m2\repository\com\github\jknack\handlebars-jackson2\4.3.1\handlebars-jackson2-4.3.1.jar;C:\Users\apodr\.m2\repository\commons-io\commons-io\2.16.1\commons-io-2.16.1.jar;C:\Users\apodr\.m2\repository\org\slf4j\slf4j-ext\2.0.16\slf4j-ext-2.0.16.jar;C:\Users\apodr\.m2\repository\org\slf4j\slf4j-simple\2.0.16\slf4j-simple-2.0.16.jar;C:\Users\apodr\.m2\repository\org\apache\commons\commons-lang3\3.13.0\commons-lang3-3.13.0.jar;C:\Users\apodr\.m2\repository\org\apache\commons\commons-text\1.10.0\commons-text-1.10.0.jar;C:\Users\apodr\.m2\repository\org\apache\maven\resolver\maven-resolver-util\1.9.18\maven-resolver-util-1.9.18.jar;C:\Users\apodr\.m2\repository\org\apache\maven\resolver\maven-resolver-api\1.9.18\maven-resolver-api-1.9.18.jar;C:\Users\apodr\.m2\repository\commons-cli\commons-cli\1.5.0\commons-cli-1.5.0.jar;C:\Users\apodr\.m2\repository\com\google\guava\guava\32.1.3-jre\guava-32.1.3-jre.jar;C:\Users\apodr\.m2\repository\com\google\guava\failureaccess\1.0.1\failureaccess-1.0.1.jar;C:\Users\apodr\.m2\repository\com\google\guava\listenablefuture\9999.0-empty-to-avoid-conflict-with-guava\listenablefuture-9999.0-empty-to-avoid-conflict-with-guava.jar;C:\Users\apodr\.m2\repository\com\google\code\findbugs\jsr305\3.0.2\jsr305-3.0.2.jar;C:\Users\apodr\.m2\repository\com\google\errorprone\error_prone_annotations\2.21.1\error_prone_annotations-2.21.1.jar;C:\Users\apodr\.m2\repository\com\google\j2objc\j2objc-annotations\2.8\j2objc-annotations-2.8.jar;C:\Users\apodr\.m2\repository\com\fasterxml\jackson\datatype\jackson-datatype-guava\2.15.4\jackson-datatype-guava-2.15.4.jar;C:\Users\apodr\.m2\repository\org\commonmark\commonmark\0.21.0\commonmark-0.21.0.jar;C:\Users\apodr\.m2\repository\com\github\mifmif\generex\1.0.2\generex-1.0.2.jar;C:\Users\apodr\.m2\repository\dk\brics\automaton\automaton\1.11-8\automaton-1.11-8.jar;C:\Users\apodr\.m2\repository\com\github\curious-odd-man\rgxgen\1.4\rgxgen-1.4.jar;C:\Users\apodr\.m2\repository\com\fasterxml\jackson\datatype\jackson-datatype-joda\2.15.4\jackson-datatype-joda-2.15.4.jar;C:\Users\apodr\.m2\repository\joda-time\joda-time\2.10.14\joda-time-2.10.14.jar;C:\Users\apodr\.m2\repository\com\fasterxml\jackson\core\jackson-annotations\2.15.4\jackson-annotations-2.15.4.jar;C:\Users\apodr\.m2\repository\com\github\joschi\jackson\jackson-datatype-threetenbp\2.15.2\jackson-datatype-threetenbp-2.15.2.jar;C:\Users\apodr\.m2\repository\org\threeten\threetenbp\1.6.8\threetenbp-1.6.8.jar;C:\Users\apodr\.m2\repository\org\openapitools\openapi-generator-core\7.9.0\openapi-generator-core-7.9.0.jar;C:\Users\apodr\.m2\repository\net\java\dev\jna\jna\5.12.1\jna-5.12.1.jar;C:\Users\apodr\.m2\repository\com\github\ben-manes\caffeine\caffeine\3.1.8\caffeine-3.1.8.jar;C:\Users\apodr\.m2\repository\org\projectlombok\lombok\1.18.34\lombok-1.18.34.jar;"/>
    <property name="sun.cpu.endian" value="little"/>
    <property name="user.home" value="C:\Users\apodr"/>
    <property name="user.language" value="pt"/>
    <property name="java.specification.vendor" value="Oracle Corporation"/>
    <property name="java.version.date" value="2024-07-16"/>
    <property name="java.home" value="C:\Program Files\Java\jdk-22"/>
    <property name="file.separator" value="\"/>
    <property name="basedir" value="C:\Users\apodr\OneDrive\Documentos\Estudos\Dio\Java-Claro\springboot\springboot-cloud"/>
    <property name="java.vm.compressedOopsMode" value="Zero based"/>
    <property name="line.separator" value="&#10;"/>
    <property name="java.vm.specification.vendor" value="Oracle Corporation"/>
    <property name="java.specification.name" value="Java Platform API Specification"/>
    <property name="FILE_LOG_CHARSET" value="UTF-8"/>
    <property name="java.awt.headless" value="true"/>
    <property name="surefire.real.class.path" value="C:\Users\apodr\AppData\Local\Temp\surefire1267702510004317581\surefirebooter-20241115230545082_3.jar"/>
    <property name="user.script" value=""/>
    <property name="sun.management.compiler" value="HotSpot 64-Bit Tiered Compilers"/>
    <property name="java.runtime.version" value="22.0.2+9-70"/>
    <property name="user.name" value="apodr"/>
    <property name="stdout.encoding" value="Cp1252"/>
    <property name="path.separator" value=";"/>
    <property name="os.version" value="10.0"/>
    <property name="java.runtime.name" value="Java(TM) SE Runtime Environment"/>
    <property name="file.encoding" value="UTF-8"/>
    <property name="java.vm.name" value="Java HotSpot(TM) 64-Bit Server VM"/>
    <property name="localRepository" value="C:\Users\apodr\.m2\repository"/>
    <property name="java.vendor.url.bug" value="https://bugreport.java.com/bugreport/"/>
    <property name="java.io.tmpdir" value="C:\Users\apodr\AppData\Local\Temp\"/>
    <property name="com.zaxxer.hikari.pool_number" value="1"/>
    <property name="java.version" value="22.0.2"/>
    <property name="user.dir" value="C:\Users\apodr\OneDrive\Documentos\Estudos\Dio\Java-Claro\springboot\springboot-cloud"/>
    <property name="os.arch" value="amd64"/>
    <property name="java.vm.specification.name" value="Java Virtual Machine Specification"/>
    <property name="PID" value="14792"/>
    <property name="sun.os.patch.level" value=""/>
    <property name="CONSOLE_LOG_CHARSET" value="UTF-8"/>
    <property name="native.encoding" value="Cp1252"/>
    <property name="java.library.path" value="C:\Program Files\Java\jdk-22\bin;C:\Windows\Sun\Java\bin;C:\Windows\system32;C:\Windows;C:\Program Files\Common Files\Oracle\Java\javapath;C:\Program Files\Python312\Scripts\;C:\Program Files\Python312\;C:\Program Files (x86)\Common Files\Oracle\Java\javapath;C:\Windows\system32;C:\Windows;C:\Windows\System32\Wbem;C:\Windows\System32\WindowsPowerShell\v1.0\;C:\Windows\System32\OpenSSH\;C:\Users\apodr\AppData\Local\Programs\Python\Python310\Scripts\;C:\Users\apodr\AppData\Local\Programs\Python\Python310\;C:\Users\apodr\AppData\Local\Microsoft\WindowsApps;C:\Users\apodr\AppData\Local\Programs\Microsoft VS Code\bin;C:\Program Files\Azure Data Studio\bin;C:\Program Files (x86)\Microsoft SQL Server\160\DTS\Binn\;C:\Program Files\dotnet\;C:\Program Files\MKVToolNix;C:\Users\apodr\Downloads\ffmpeg-2023-11-15-git-78f55457c9-full_build\bin;C:\Program Files\Git\cmd;C:\Program Files\nodejs\;C:\Users\apodr\Documents\Batches;C:\Users\apodr\AppData\Roaming\Python\Python312\site-packages;C:\Users\apodr\AppData\Roaming\Python\Python312\Scripts;C:\Program Files\Docker\Docker\resources\bin;C:\Program Files\Common Files\Oracle\Java\apache-maven-3.9.9\bin;C:\Program Files\MySQL\MySQL Shell 8.0\bin\;C:\Users\apodr\AppData\Local\Microsoft\WindowsApps;C:\Users\apodr\AppData\Local\Programs\Microsoft VS Code\bin;C:\Program Files\Azure Data Studio\bin;E:\apodr\common;C:\Users\apodr\AppData\Local\Android\Sdk\platform-tools;C:\Users\apodr\Downloads\ffmpeg-2023-11-15-git-78f55457c9-full_build\bin;C:\Program Files\MKVToolNix;C:\Users\apodr\AppData\Local\GitHubDesktop\bin;C:\Users\apodr\AppData\Roaming\npm;C:\Program Files\JetBrains\IntelliJ IDEA Community Edition 2024.2.3\bin;;."/>
    <property name="java.vm.info" value="mixed mode, sharing"/>
    <property name="stderr.encoding" value="Cp1252"/>
    <property name="java.vendor" value="Oracle Corporation"/>
    <property name="java.vm.version" value="22.0.2+9-70"/>
    <property name="sun.io.unicode.encoding" value="UnicodeLittle"/>
    <property name="java.class.version" value="66.0"/>
    <property name="LOGGED_APPLICATION_NAME" value="[cloud] "/>
  </properties>
  <testcase name="contextLoads" classname="dio.cloud.CloudApplicationTests" time="1.0">
    <system-out><![CDATA[23:05:46.779 [main] INFO org.springframework.test.context.support.AnnotationConfigContextLoaderUtils -- Could not detect default configuration classes for test class [dio.cloud.CloudApplicationTests]: CloudApplicationTests does not declare any static, non-private, non-final, nested classes annotated with @Configuration.
23:05:47.009 [main] INFO org.springframework.boot.test.context.SpringBootTestContextBootstrapper -- Found @SpringBootConfiguration dio.cloud.Application for test class dio.cloud.CloudApplicationTests

  .   ____          _            __ _ _
 /\\ / ___'_ __ _ _(_)_ __  __ _ \ \ \ \
( ( )\___ | '_ | '_| | '_ \/ _` | \ \ \ \
 \\/  ___)| |_)| | | | | || (_| |  ) ) ) )
  '  |____| .__|_| |_|_| |_\__, | / / / /
 =========|_|==============|___/=/_/_/_/
 :: Spring Boot ::               (v3.2.11)

2024-11-15T23:05:48.119-03:00  INFO 14792 --- [cloud] [           main] dio.cloud.CloudApplicationTests          : Starting CloudApplicationTests using Java 22.0.2 with PID 14792 (started by apodr in C:\Users\apodr\OneDrive\Documentos\Estudos\Dio\Java-Claro\springboot\springboot-cloud)
2024-11-15T23:05:48.123-03:00  INFO 14792 --- [cloud] [           main] dio.cloud.CloudApplicationTests          : No active profile set, falling back to 1 default profile: "default"
2024-11-15T23:05:49.574-03:00  INFO 14792 --- [cloud] [           main] .s.d.r.c.RepositoryConfigurationDelegate : Bootstrapping Spring Data JPA repositories in DEFAULT mode.
2024-11-15T23:05:49.687-03:00  INFO 14792 --- [cloud] [           main] .s.d.r.c.RepositoryConfigurationDelegate : Finished Spring Data repository scanning in 100 ms. Found 1 JPA repository interface.
2024-11-15T23:05:50.593-03:00  INFO 14792 --- [cloud] [           main] com.zaxxer.hikari.HikariDataSource       : HikariPool-1 - Starting...
2024-11-15T23:05:50.955-03:00  INFO 14792 --- [cloud] [           main] com.zaxxer.hikari.pool.HikariPool        : HikariPool-1 - Added connection conn0: url=jdbc:h2:mem:e65fba38-436d-4df2-8ae5-5ad7e24385c3 user=SA
2024-11-15T23:05:50.957-03:00  INFO 14792 --- [cloud] [           main] com.zaxxer.hikari.HikariDataSource       : HikariPool-1 - Start completed.
2024-11-15T23:05:51.037-03:00  INFO 14792 --- [cloud] [           main] o.hibernate.jpa.internal.util.LogHelper  : HHH000204: Processing PersistenceUnitInfo [name: default]
2024-11-15T23:05:51.197-03:00  INFO 14792 --- [cloud] [           main] org.hibernate.Version                    : HHH000412: Hibernate ORM core version 6.4.10.Final
2024-11-15T23:05:51.288-03:00  INFO 14792 --- [cloud] [           main] o.h.c.internal.RegionFactoryInitiator    : HHH000026: Second-level cache disabled
2024-11-15T23:05:51.813-03:00  INFO 14792 --- [cloud] [           main] o.s.o.j.p.SpringPersistenceUnitInfo      : No LoadTimeWeaver setup: ignoring JPA class transformer
2024-11-15T23:05:54.254-03:00  INFO 14792 --- [cloud] [           main] o.h.e.t.j.p.i.JtaPlatformInitiator       : HHH000489: No JTA platform available (set 'hibernate.transaction.jta.platform' to enable JTA platform integration)
2024-11-15T23:05:54.367-03:00  INFO 14792 --- [cloud] [           main] j.LocalContainerEntityManagerFactoryBean : Initialized JPA EntityManagerFactory for persistence unit 'default'
2024-11-15T23:05:55.377-03:00  WARN 14792 --- [cloud] [           main] JpaBaseConfiguration$JpaWebConfiguration : spring.jpa.open-in-view is enabled by default. Therefore, database queries may be performed during view rendering. Explicitly configure spring.jpa.open-in-view to disable this warning
2024-11-15T23:05:56.113-03:00  WARN 14792 --- [cloud] [           main] o.s.b.a.m.MustacheAutoConfiguration      : Cannot find template location: classpath:/templates/ (please add some templates, check your Mustache configuration, or set spring.mustache.check-template-location=false)
2024-11-15T23:05:56.353-03:00  INFO 14792 --- [cloud] [           main] dio.cloud.CloudApplicationTests          : Started CloudApplicationTests in 8.909 seconds (process running for 11.051)
]]></system-out>
    <system-err><![CDATA[SLF4J(W): Class path contains multiple SLF4J providers.
SLF4J(W): Found provider [ch.qos.logback.classic.spi.LogbackServiceProvider@561b6512]
SLF4J(W): Found provider [org.slf4j.simple.SimpleServiceProvider@2e377400]
SLF4J(W): See https://www.slf4j.org/codes.html#multiple_bindings for an explanation.
SLF4J(I): Actual provider is of type [ch.qos.logback.classic.spi.LogbackServiceProvider@561b6512]
WARNING: A Java agent has been loaded dynamically (C:\Users\apodr\.m2\repository\net\bytebuddy\byte-buddy-agent\1.14.19\byte-buddy-agent-1.14.19.jar)
WARNING: If a serviceability tool is in use, please run with -XX:+EnableDynamicAgentLoading to hide this warning
WARNING: If a serviceability tool is not in use, please run with -Djdk.instrument.traceUsage for more information
WARNING: Dynamic loading of agents will be disallowed by default in a future release
]]></system-err>
  </testcase>
</testsuite>